<?xml version="1.0" encoding="UTF-8"?>
<!-- Generated by org.testng.reporters.JUnitReportReporter -->
<testsuite hostname="DESKTOP-5TCP881" failures="0" tests="1" name="Tests.LoginTest" time="4.685" errors="0" timestamp="2024-02-02T13:02:51 IST" skipped="0">
  <testcase classname="Tests.LoginTest" name="validateLogin" time="4.685"/>
  <system-out/>
</testsuite> <!-- Tests.LoginTest -->
